#
# There is insufficient memory for the Java Runtime Environment to continue.
# Native memory allocation (malloc) failed to allocate 782256 bytes for Chunk::new
# Possible reasons:
#   The system is out of physical RAM or swap space
#   In 32 bit mode, the process size limit was hit
# Possible solutions:
#   Reduce memory load on the system
#   Increase physical memory or swap space
#   Check if swap backing store is full
#   Use 64 bit Java on a 64 bit OS
#   Decrease Java heap size (-Xmx/-Xms)
#   Decrease number of Java threads
#   Decrease Java thread stack sizes (-Xss)
#   Set larger code cache with -XX:ReservedCodeCacheSize=
# This output file may be truncated or incomplete.
#
#  Out of Memory Error (allocation.cpp:390), pid=6104, tid=5728
#
# JRE version: Java(TM) SE Runtime Environment (8.0_73-b02) (build 1.8.0_73-b02)
# Java VM: Java HotSpot(TM) 64-Bit Server VM (25.73-b02 mixed mode windows-amd64 compressed oops)
# Failed to write core dump. Minidumps are not enabled by default on client versions of Windows
#

---------------  T H R E A D  ---------------

Current thread (0x000000001aefe000):  JavaThread "C2 CompilerThread1" daemon [_thread_in_native, id=5728, stack(0x000000001b4d0000,0x000000001b5d0000)]

Stack: [0x000000001b4d0000,0x000000001b5d0000]
[error occurred during error reporting (printing stack bounds), id 0xc0000005]

Native frames: (J=compiled Java code, j=interpreted, Vv=VM code, C=native code)


Current CompileTask:
C2:   1266 1508   !   4       java.net.URL::<init> (543 bytes)


---------------  P R O C E S S  ---------------

Java Threads: ( => current thread )
  0x000000001af9a800 JavaThread "Service Thread" daemon [_thread_blocked, id=13188, stack(0x000000001b6d0000,0x000000001b7d0000)]
  0x000000001aeff800 JavaThread "C1 CompilerThread2" daemon [_thread_blocked, id=5676, stack(0x000000001b5d0000,0x000000001b6d0000)]
=>0x000000001aefe000 JavaThread "C2 CompilerThread1" daemon [_thread_in_native, id=5728, stack(0x000000001b4d0000,0x000000001b5d0000)]
  0x000000001aefa800 JavaThread "C2 CompilerThread0" daemon [_thread_blocked, id=8452, stack(0x000000001b3d0000,0x000000001b4d0000)]
  0x000000001aee1800 JavaThread "Monitor Ctrl-Break" daemon [_thread_in_native, id=11644, stack(0x000000001b2d0000,0x000000001b3d0000)]
  0x00000000199d9000 JavaThread "Attach Listener" daemon [_thread_blocked, id=6016, stack(0x000000001add0000,0x000000001aed0000)]
  0x000000001998e000 JavaThread "Signal Dispatcher" daemon [_thread_blocked, id=5584, stack(0x000000001acd0000,0x000000001add0000)]
  0x0000000004e36800 JavaThread "Finalizer" daemon [_thread_blocked, id=2084, stack(0x000000001abd0000,0x000000001acd0000)]
  0x0000000019948800 JavaThread "Reference Handler" daemon [_thread_blocked, id=2884, stack(0x000000001aad0000,0x000000001abd0000)]
  0x00000000007ee000 JavaThread "main" [_thread_in_vm, id=5220, stack(0x0000000002f40000,0x0000000003040000)]

Other Threads:
  0x0000000019947800 VMThread [stack: 0x000000001a9d0000,0x000000001aad0000] [id=11472]
  0x000000001afc7800 WatcherThread [stack: 0x000000001b7d0000,0x000000001b8d0000] [id=8404]

VM state:not at safepoint (normal execution)

VM Mutex/Monitor currently owned by a thread: None

Heap:
 PSYoungGen      total 38400K, used 5482K [0x00000000d5e00000, 0x00000000d9200000, 0x0000000100000000)
  eden space 33280K, 16% used [0x00000000d5e00000,0x00000000d635aa38,0x00000000d7e80000)
  from space 5120K, 0% used [0x00000000d8380000,0x00000000d8380000,0x00000000d8880000)
  to   space 5120K, 0% used [0x00000000d7e80000,0x00000000d7e80000,0x00000000d8380000)
 ParOldGen       total 58368K, used 3858K [0x0000000081a00000, 0x0000000085300000, 0x00000000d5e00000)
  object space 58368K, 6% used [0x0000000081a00000,0x0000000081dc49e0,0x0000000085300000)
 Metaspace       used 13951K, capacity 14262K, committed 14464K, reserved 1069056K
  class space    used 1739K, capacity 1843K, committed 1920K, reserved 1048576K

Card table byte_map: [0x0000000014200000,0x0000000014600000] byte_map_base: 0x0000000013df3000

Marking Bits: (ParMarkBitMap*) 0x0000000074530600
 Begin Bits: [0x0000000014cb0000, 0x0000000016c48000)
 End Bits:   [0x0000000016c48000, 0x0000000018be0000)

Polling page: 0x0000000003040000

CodeCache: size=245760Kb used=5224Kb max_used=5239Kb free=240535Kb
 bounds [0x0000000004e40000, 0x0000000005370000, 0x0000000013e40000]
 total_blobs=1852 nmethods=1508 adapters=256
 compilation: enabled

Compilation events (10 events):
Event: 1.242 Thread 0x000000001aeff800 1504       1       org.apache.commons.cli.Option::getLongOpt (5 bytes)
Event: 1.242 Thread 0x000000001aeff800 nmethod 1504 0x000000000535b010 code [0x000000000535b160, 0x000000000535b270]
Event: 1.242 Thread 0x000000001aeff800 1505       3       java.util.Hashtable$Enumerator::next (27 bytes)
Event: 1.242 Thread 0x000000001aeff800 nmethod 1505 0x000000000535aa90 code [0x000000000535ac20, 0x000000000535aeb8]
Event: 1.242 Thread 0x000000001aeff800 1506       1       org.apache.commons.cli.Option::getOpt (5 bytes)
Event: 1.243 Thread 0x000000001aeff800 nmethod 1506 0x000000000535a7d0 code [0x000000000535a920, 0x000000000535aa30]
Event: 1.243 Thread 0x000000001aeff800 1507       3       java.lang.reflect.Modifier::isPrivate (12 bytes)
Event: 1.243 Thread 0x000000001aeff800 nmethod 1507 0x000000000535a490 code [0x000000000535a5e0, 0x000000000535a770]
Event: 1.247 Thread 0x000000001aefe000 1508   !   4       java.net.URL::<init> (543 bytes)
Event: 1.255 Thread 0x000000001aefa800 nmethod 1497% 0x000000000535f0d0 code [0x000000000535f400, 0x0000000005360b40]

GC Heap History (10 events):
Event: 0.312 GC heap before
{Heap before GC invocations=2 (full 1):
 PSYoungGen      total 38400K, used 2617K [0x00000000d5e00000, 0x00000000d8880000, 0x0000000100000000)
  eden space 33280K, 0% used [0x00000000d5e00000,0x00000000d5e00000,0x00000000d7e80000)
  from space 5120K, 51% used [0x00000000d7e80000,0x00000000d810e5b0,0x00000000d8380000)
  to   space 5120K, 0% used [0x00000000d8380000,0x00000000d8380000,0x00000000d8880000)
 ParOldGen       total 87552K, used 8K [0x0000000081a00000, 0x0000000086f80000, 0x00000000d5e00000)
  object space 87552K, 0% used [0x0000000081a00000,0x0000000081a02000,0x0000000086f80000)
 Metaspace       used 5894K, capacity 6056K, committed 6144K, reserved 1060864K
  class space    used 644K, capacity 700K, committed 768K, reserved 1048576K
Event: 0.321 GC heap after
Heap after GC invocations=2 (full 1):
 PSYoungGen      total 38400K, used 0K [0x00000000d5e00000, 0x00000000d8880000, 0x0000000100000000)
  eden space 33280K, 0% used [0x00000000d5e00000,0x00000000d5e00000,0x00000000d7e80000)
  from space 5120K, 0% used [0x00000000d7e80000,0x00000000d7e80000,0x00000000d8380000)
  to   space 5120K, 0% used [0x00000000d8380000,0x00000000d8380000,0x00000000d8880000)
 ParOldGen       total 58368K, used 2439K [0x0000000081a00000, 0x0000000085300000, 0x00000000d5e00000)
  object space 58368K, 4% used [0x0000000081a00000,0x0000000081c61fd8,0x0000000085300000)
 Metaspace       used 5894K, capacity 6056K, committed 6144K, reserved 1058816K
  class space    used 644K, capacity 700K, committed 768K, reserved 1048576K
}
Event: 0.687 GC heap before
{Heap before GC invocations=3 (full 1):
 PSYoungGen      total 38400K, used 33280K [0x00000000d5e00000, 0x00000000d8880000, 0x0000000100000000)
  eden space 33280K, 100% used [0x00000000d5e00000,0x00000000d7e80000,0x00000000d7e80000)
  from space 5120K, 0% used [0x00000000d7e80000,0x00000000d7e80000,0x00000000d8380000)
  to   space 5120K, 0% used [0x00000000d8380000,0x00000000d8380000,0x00000000d8880000)
 ParOldGen       total 58368K, used 2439K [0x0000000081a00000, 0x0000000085300000, 0x00000000d5e00000)
  object space 58368K, 4% used [0x0000000081a00000,0x0000000081c61fd8,0x0000000085300000)
 Metaspace       used 9171K, capacity 9358K, committed 9728K, reserved 1060864K
  class space    used 1119K, capacity 1181K, committed 1280K, reserved 1048576K
Event: 0.691 GC heap after
Heap after GC invocations=3 (full 1):
 PSYoungGen      total 38400K, used 4101K [0x00000000d5e00000, 0x00000000d9200000, 0x0000000100000000)
  eden space 33280K, 0% used [0x00000000d5e00000,0x00000000d5e00000,0x00000000d7e80000)
  from space 5120K, 80% used [0x00000000d8380000,0x00000000d8781658,0x00000000d8880000)
  to   space 5120K, 0% used [0x00000000d7e80000,0x00000000d7e80000,0x00000000d8380000)
 ParOldGen       total 58368K, used 2447K [0x0000000081a00000, 0x0000000085300000, 0x00000000d5e00000)
  object space 58368K, 4% used [0x0000000081a00000,0x0000000081c63fd8,0x0000000085300000)
 Metaspace       used 9171K, capacity 9358K, committed 9728K, reserved 1060864K
  class space    used 1119K, capacity 1181K, committed 1280K, reserved 1048576K
}
Event: 1.106 GC heap before
{Heap before GC invocations=4 (full 1):
 PSYoungGen      total 38400K, used 37381K [0x00000000d5e00000, 0x00000000d9200000, 0x0000000100000000)
  eden space 33280K, 100% used [0x00000000d5e00000,0x00000000d7e80000,0x00000000d7e80000)
  from space 5120K, 80% used [0x00000000d8380000,0x00000000d8781658,0x00000000d8880000)
  to   space 5120K, 0% used [0x00000000d7e80000,0x00000000d7e80000,0x00000000d8380000)
 ParOldGen       total 58368K, used 2447K [0x0000000081a00000, 0x0000000085300000, 0x00000000d5e00000)
  object space 58368K, 4% used [0x0000000081a00000,0x0000000081c63fd8,0x0000000085300000)
 Metaspace       used 13057K, capacity 13344K, committed 13568K, reserved 1064960K
  class space    used 1647K, capacity 1738K, committed 1792K, reserved 1048576K
Event: 1.112 GC heap after
Heap after GC invocations=4 (full 1):
 PSYoungGen      total 38400K, used 5119K [0x00000000d5e00000, 0x00000000d9200000, 0x0000000100000000)
  eden space 33280K, 0% used [0x00000000d5e00000,0x00000000d5e00000,0x00000000d7e80000)
  from space 5120K, 99% used [0x00000000d7e80000,0x00000000d837fe78,0x00000000d8380000)
  to   space 5120K, 0% used [0x00000000d8380000,0x00000000d8380000,0x00000000d8880000)
 ParOldGen       total 58368K, used 3348K [0x0000000081a00000, 0x0000000085300000, 0x00000000d5e00000)
  object space 58368K, 5% used [0x0000000081a00000,0x0000000081d45318,0x0000000085300000)
 Metaspace       used 13057K, capacity 13344K, committed 13568K, reserved 1064960K
  class space    used 1647K, capacity 1738K, committed 1792K, reserved 1048576K
}
Event: 1.142 GC heap before
{Heap before GC invocations=5 (full 1):
 PSYoungGen      total 38400K, used 6652K [0x00000000d5e00000, 0x00000000d9200000, 0x0000000100000000)
  eden space 33280K, 4% used [0x00000000d5e00000,0x00000000d5f7f2e0,0x00000000d7e80000)
  from space 5120K, 99% used [0x00000000d7e80000,0x00000000d837fe78,0x00000000d8380000)
  to   space 5120K, 0% used [0x00000000d8380000,0x00000000d8380000,0x00000000d8880000)
 ParOldGen       total 58368K, used 3348K [0x0000000081a00000, 0x0000000085300000, 0x00000000d5e00000)
  object space 58368K, 5% used [0x0000000081a00000,0x0000000081d45318,0x0000000085300000)
 Metaspace       used 13172K, capacity 13420K, committed 13568K, reserved 1069056K
  class space    used 1653K, capacity 1740K, committed 1792K, reserved 1048576K
Event: 1.146 GC heap after
Heap after GC invocations=5 (full 1):
 PSYoungGen      total 38400K, used 2560K [0x00000000d5e00000, 0x00000000d9200000, 0x0000000100000000)
  eden space 33280K, 0% used [0x00000000d5e00000,0x00000000d5e00000,0x00000000d7e80000)
  from space 5120K, 50% used [0x00000000d8380000,0x00000000d8600000,0x00000000d8880000)
  to   space 5120K, 0% used [0x00000000d7e80000,0x00000000d7e80000,0x00000000d8380000)
 ParOldGen       total 58368K, used 3356K [0x0000000081a00000, 0x0000000085300000, 0x00000000d5e00000)
  object space 58368K, 5% used [0x0000000081a00000,0x0000000081d47318,0x0000000085300000)
 Metaspace       used 13172K, capacity 13420K, committed 13568K, reserved 1069056K
  class space    used 1653K, capacity 1740K, committed 1792K, reserved 1048576K
}
Event: 1.146 GC heap before
{Heap before GC invocations=6 (full 2):
 PSYoungGen      total 38400K, used 2560K [0x00000000d5e00000, 0x00000000d9200000, 0x0000000100000000)
  eden space 33280K, 0% used [0x00000000d5e00000,0x00000000d5e00000,0x00000000d7e80000)
  from space 5120K, 50% used [0x00000000d8380000,0x00000000d8600000,0x00000000d8880000)
  to   space 5120K, 0% used [0x00000000d7e80000,0x00000000d7e80000,0x00000000d8380000)
 ParOldGen       total 58368K, used 3356K [0x0000000081a00000, 0x0000000085300000, 0x00000000d5e00000)
  object space 58368K, 5% used [0x0000000081a00000,0x0000000081d47318,0x0000000085300000)
 Metaspace       used 13172K, capacity 13420K, committed 13568K, reserved 1069056K
  class space    used 1653K, capacity 1740K, committed 1792K, reserved 1048576K
Event: 1.170 GC heap after
Heap after GC invocations=6 (full 2):
 PSYoungGen      total 38400K, used 0K [0x00000000d5e00000, 0x00000000d9200000, 0x0000000100000000)
  eden space 33280K, 0% used [0x00000000d5e00000,0x00000000d5e00000,0x00000000d7e80000)
  from space 5120K, 0% used [0x00000000d8380000,0x00000000d8380000,0x00000000d8880000)
  to   space 5120K, 0% used [0x00000000d7e80000,0x00000000d7e80000,0x00000000d8380000)
 ParOldGen       total 58368K, used 3858K [0x0000000081a00000, 0x0000000085300000, 0x00000000d5e00000)
  object space 58368K, 6% used [0x0000000081a00000,0x0000000081dc49e0,0x0000000085300000)
 Metaspace       used 13172K, capacity 13420K, committed 13568K, reserved 1067008K
  class space    used 1653K, capacity 1740K, committed 1792K, reserved 1048576K
}

Deoptimization events (10 events):
Event: 0.514 Thread 0x00000000007ee000 Uncommon trap: reason=unstable_if action=reinterpret pc=0x00000000050e0f60 method=java.nio.charset.CoderResult.isOverflow()Z @ 5
Event: 0.549 Thread 0x00000000007ee000 Uncommon trap: reason=unstable_if action=reinterpret pc=0x00000000050f721c method=sun.nio.cs.StreamDecoder.read([CII)I @ 136
Event: 0.562 Thread 0x00000000007ee000 Uncommon trap: reason=unstable_if action=reinterpret pc=0x00000000050fdd20 method=sun.nio.cs.StreamDecoder.read([CII)I @ 136
Event: 0.569 Thread 0x00000000007ee000 Uncommon trap: reason=unstable_if action=reinterpret pc=0x00000000050f9ef0 method=org.codehaus.plexus.util.xml.pull.MXParser.nextImpl()I @ 241
Event: 0.572 Thread 0x00000000007ee000 Uncommon trap: reason=range_check action=make_not_entrant pc=0x0000000005097aa0 method=sun.reflect.generics.parser.SignatureParser.current()C @ 34
Event: 0.682 Thread 0x00000000007ee000 Uncommon trap: reason=bimorphic action=maybe_recompile pc=0x0000000005186d04 method=java.util.HashMap.putVal(ILjava/lang/Object;Ljava/lang/Object;ZZ)Ljava/lang/Object; @ 203
Event: 0.997 Thread 0x00000000007ee000 Uncommon trap: reason=bimorphic action=maybe_recompile pc=0x0000000005186d04 method=java.util.HashMap.putVal(ILjava/lang/Object;Ljava/lang/Object;ZZ)Ljava/lang/Object; @ 203
Event: 0.997 Thread 0x00000000007ee000 Uncommon trap: reason=bimorphic action=maybe_recompile pc=0x0000000005186d04 method=java.util.HashMap.putVal(ILjava/lang/Object;Ljava/lang/Object;ZZ)Ljava/lang/Object; @ 203
Event: 1.047 Thread 0x00000000007ee000 Uncommon trap: reason=unstable_if action=reinterpret pc=0x00000000051b3880 method=java.util.concurrent.ConcurrentHashMap.putVal(Ljava/lang/Object;Ljava/lang/Object;Z)Ljava/lang/Object; @ 206
Event: 1.073 Thread 0x00000000007ee000 Uncommon trap: reason=bimorphic action=maybe_recompile pc=0x0000000005186d04 method=java.util.HashMap.putVal(ILjava/lang/Object;Ljava/lang/Object;ZZ)Ljava/lang/Object; @ 203

Internal exceptions (10 events):
Event: 0.460 Thread 0x00000000007ee000 Exception <a 'java/lang/ArrayIndexOutOfBoundsException'> (0x00000000d69c83d0) thrown at [D:\re\puppet\workspace\8-2-build-windows-amd64-cygwin\jdk8u73\6086\hotspot\src\share\vm\runtime\sharedRuntime.cpp, line 605]
Event: 0.460 Thread 0x00000000007ee000 Exception <a 'java/lang/ArrayIndexOutOfBoundsException'> (0x00000000d69c9ab0) thrown at [D:\re\puppet\workspace\8-2-build-windows-amd64-cygwin\jdk8u73\6086\hotspot\src\share\vm\runtime\sharedRuntime.cpp, line 605]
Event: 0.460 Thread 0x00000000007ee000 Exception <a 'java/lang/ArrayIndexOutOfBoundsException'> (0x00000000d69cb2c8) thrown at [D:\re\puppet\workspace\8-2-build-windows-amd64-cygwin\jdk8u73\6086\hotspot\src\share\vm\runtime\sharedRuntime.cpp, line 605]
Event: 0.460 Thread 0x00000000007ee000 Exception <a 'java/lang/ArrayIndexOutOfBoundsException'> (0x00000000d69cc820) thrown at [D:\re\puppet\workspace\8-2-build-windows-amd64-cygwin\jdk8u73\6086\hotspot\src\share\vm\runtime\sharedRuntime.cpp, line 605]
Event: 0.460 Thread 0x00000000007ee000 Exception <a 'java/lang/ArrayIndexOutOfBoundsException'> (0x00000000d69ce090) thrown at [D:\re\puppet\workspace\8-2-build-windows-amd64-cygwin\jdk8u73\6086\hotspot\src\share\vm\runtime\sharedRuntime.cpp, line 605]
Event: 0.572 Thread 0x00000000007ee000 Exception <a 'java/lang/ArrayIndexOutOfBoundsException': 73> (0x00000000d75b4038) thrown at [D:\re\puppet\workspace\8-2-build-windows-amd64-cygwin\jdk8u73\6086\hotspot\src\share\vm\interpreter\interpreterRuntime.cpp, line 366]
Event: 0.572 Thread 0x00000000007ee000 Exception <a 'java/lang/ArrayIndexOutOfBoundsException': 131> (0x00000000d75b59e0) thrown at [D:\re\puppet\workspace\8-2-build-windows-amd64-cygwin\jdk8u73\6086\hotspot\src\share\vm\interpreter\interpreterRuntime.cpp, line 366]
Event: 1.066 Thread 0x00000000007ee000 Exception <a 'java/lang/NoClassDefFoundError': com/google/inject/servlet/ServletModuleTargetVisitor> (0x00000000d7cfba60) thrown at [D:\re\puppet\workspace\8-2-build-windows-amd64-cygwin\jdk8u73\6086\hotspot\src\share\vm\classfile\systemDictionary.cpp, linÿ¬†E^ñ?
Event: 1.066 Thread 0x00000000007ee000 Exception <a 'java/lang/NoClassDefFoundError'> (0x00000000d7cfba60) thrown at [D:\re\puppet\workspace\8-2-build-windows-amd64-cygwin\jdk8u73\6086\hotspot\src\share\vm\prims\jvm.cpp, line 1390]
Event: 1.066 Thread 0x00000000007ee000 Exception <a 'java/lang/NoClassDefFoundError': javax/annotation/Priority> (0x00000000d7d00418) thrown at [D:\re\puppet\workspace\8-2-build-windows-amd64-cygwin\jdk8u73\6086\hotspot\src\share\vm\classfile\systemDictionary.cpp, line 199]

Events (10 events):
Event: 1.262 loading class org/eclipse/sisu/wire/EntrySetAdapter$ValueIterator
Event: 1.262 loading class org/eclipse/sisu/wire/EntrySetAdapter$ValueIterator done
Event: 1.263 loading class org/eclipse/aether/internal/impl/PrioritizedComponent
Event: 1.263 loading class org/eclipse/aether/internal/impl/PrioritizedComponent done
Event: 1.263 loading class org/eclipse/aether/internal/impl/EnhancedLocalRepositoryManager
Event: 1.263 loading class org/eclipse/aether/internal/impl/EnhancedLocalRepositoryManager done
Event: 1.264 loading class java/util/ArrayList$SubList
Event: 1.264 loading class java/util/ArrayList$SubList done
Event: 1.264 loading class java/util/ArrayList$SubList$1
Event: 1.264 loading class java/util/ArrayList$SubList$1 done


Dynamic libraries:
0x00007ff6abae0000 - 0x00007ff6abb17000 	C:\Program Files\Java\jdk1.8.0_73\bin\java.exe
0x00007ffd1f930000 - 0x00007ffd1fb10000 	C:\WINDOWS\SYSTEM32\ntdll.dll
0x00007ffd1f4e0000 - 0x00007ffd1f58e000 	C:\WINDOWS\System32\KERNEL32.DLL
0x00007ffd1bfd0000 - 0x00007ffd1c236000 	C:\WINDOWS\System32\KERNELBASE.dll
0x00007ffd1f850000 - 0x00007ffd1f8f1000 	C:\WINDOWS\System32\ADVAPI32.dll
0x00007ffd1f590000 - 0x00007ffd1f62d000 	C:\WINDOWS\System32\msvcrt.dll
0x00007ffd1f630000 - 0x00007ffd1f68b000 	C:\WINDOWS\System32\sechost.dll
0x00007ffd1d590000 - 0x00007ffd1d6af000 	C:\WINDOWS\System32\RPCRT4.dll
0x00007ffd1f0d0000 - 0x00007ffd1f25f000 	C:\WINDOWS\System32\USER32.dll
0x00007ffd1cde0000 - 0x00007ffd1ce00000 	C:\WINDOWS\System32\win32u.dll
0x00007ffd1f070000 - 0x00007ffd1f098000 	C:\WINDOWS\System32\GDI32.dll
0x00007ffd1c240000 - 0x00007ffd1c3d3000 	C:\WINDOWS\System32\gdi32full.dll
0x00007ffd1bf30000 - 0x00007ffd1bfcb000 	C:\WINDOWS\System32\msvcp_win.dll
0x00007ffd1bde0000 - 0x00007ffd1bed6000 	C:\WINDOWS\System32\ucrtbase.dll
0x00007ffd10840000 - 0x00007ffd10aa9000 	C:\WINDOWS\WinSxS\amd64_microsoft.windows.common-controls_6595b64144ccf1df_6.0.16299.125_none_15cbcf8893620c09\COMCTL32.dll
0x00007ffd1d720000 - 0x00007ffd1da28000 	C:\WINDOWS\System32\combase.dll
0x00007ffd1cb90000 - 0x00007ffd1cc02000 	C:\WINDOWS\System32\bcryptPrimitives.dll
0x00007ffd1f0a0000 - 0x00007ffd1f0cd000 	C:\WINDOWS\System32\IMM32.DLL
0x0000000074c80000 - 0x0000000074d52000 	C:\Program Files\Java\jdk1.8.0_73\jre\bin\msvcr100.dll
0x0000000073d20000 - 0x00000000745b0000 	C:\Program Files\Java\jdk1.8.0_73\jre\bin\server\jvm.dll
0x00007ffd1d710000 - 0x00007ffd1d718000 	C:\WINDOWS\System32\PSAPI.DLL
0x00007ffd12b90000 - 0x00007ffd12b9a000 	C:\WINDOWS\SYSTEM32\VERSION.dll
0x00007ffd1a020000 - 0x00007ffd1a043000 	C:\WINDOWS\SYSTEM32\WINMM.dll
0x00007ffd164a0000 - 0x00007ffd164a9000 	C:\WINDOWS\SYSTEM32\WSOCK32.dll
0x00007ffd1eed0000 - 0x00007ffd1ef3c000 	C:\WINDOWS\System32\WS2_32.dll
0x00007ffd19fc0000 - 0x00007ffd19fea000 	C:\WINDOWS\SYSTEM32\winmmbase.dll
0x00007ffd1bee0000 - 0x00007ffd1bf2a000 	C:\WINDOWS\System32\cfgmgr32.dll
0x0000000074c70000 - 0x0000000074c7f000 	C:\Program Files\Java\jdk1.8.0_73\jre\bin\verify.dll
0x0000000074c40000 - 0x0000000074c69000 	C:\Program Files\Java\jdk1.8.0_73\jre\bin\java.dll
0x00000000748f0000 - 0x0000000074913000 	C:\Program Files\Java\jdk1.8.0_73\jre\bin\instrument.dll
0x0000000074c20000 - 0x0000000074c36000 	C:\Program Files\Java\jdk1.8.0_73\jre\bin\zip.dll
0x00007ffd1da30000 - 0x00007ffd1ee66000 	C:\WINDOWS\System32\SHELL32.dll
0x00007ffd1cf70000 - 0x00007ffd1d016000 	C:\WINDOWS\System32\shcore.dll
0x00007ffd1c3e0000 - 0x00007ffd1cb27000 	C:\WINDOWS\System32\windows.storage.dll
0x00007ffd1ef40000 - 0x00007ffd1ef91000 	C:\WINDOWS\System32\shlwapi.dll
0x00007ffd1bc80000 - 0x00007ffd1bc91000 	C:\WINDOWS\System32\kernel.appcore.dll
0x00007ffd1bcc0000 - 0x00007ffd1bd0c000 	C:\WINDOWS\System32\powrprof.dll
0x00007ffd1bd10000 - 0x00007ffd1bd2b000 	C:\WINDOWS\System32\profapi.dll
0x00007ffd0d0f0000 - 0x00007ffd0d10a000 	F:\IntelliJ IDEA 2018.1.2\bin\breakgen64.dll
0x00000000748d0000 - 0x00000000748ea000 	C:\Program Files\Java\jdk1.8.0_73\jre\bin\net.dll
0x00007ffd1b480000 - 0x00007ffd1b4e6000 	C:\WINDOWS\system32\mswsock.dll
0x00007ffd1a1b0000 - 0x00007ffd1a1ba000 	F:\Maven\apache-maven-3.5.0\lib\jansi-native\windows64\jansi.dll

VM Arguments:
jvm_args: -Dmaven.multiModuleProjectDirectory=F:\IDEA\sanshi-order-web -Dmaven.home=F:\Maven\apache-maven-3.5.0 -Dclassworlds.conf=F:\Maven\apache-maven-3.5.0\bin\m2.conf -javaagent:F:\IntelliJ IDEA 2018.1.2\lib\idea_rt.jar=49302:F:\IntelliJ IDEA 2018.1.2\bin -Dfile.encoding=UTF-8 
java_command: org.codehaus.classworlds.Launcher -Didea.version=2018.1.2 -s F:\Maven\apache-maven-3.5.0\conf\settings.xml clean -f pom.xml
java_class_path (initial): F:\Maven\apache-maven-3.5.0\boot\plexus-classworlds-2.5.2.jar;F:\IntelliJ IDEA 2018.1.2\lib\idea_rt.jar
Launcher Type: SUN_STANDARD

Environment Variables:
JAVA_HOME=C:\Program Files\Java\jdk1.8.0_73
CLASSPATH=.;C:\Program Files\Java\jdk1.8.0_73\lib;C:\Program Files\Java\jdk1.8.0_73\lib\tools.jar
PATH=C:\WINDOWS\system32;C:\WINDOWS;C:\WINDOWS\System32\Wbem;C:\WINDOWS\System32\WindowsPowerShell\v1.0\;F:\Maven\apache-maven-3.5.0\bin;C:\Program Files\Java\jdk1.8.0_73\bin;C:\Program Files\MySQL\MySQL Server 5.7\bin;F:\Git\cmd;C:\Program Files\VisualSVN Server\bin;C:\Users\wu_lei\AppData\Local\Microsoft\WindowsApps;C:\Program Files\MySQL\MySQL Server 5.7bin;
USERNAME=wu_lei
OS=Windows_NT
PROCESSOR_IDENTIFIER=Intel64 Family 6 Model 60 Stepping 3, GenuineIntel



---------------  S Y S T E M  ---------------

OS: Windows 10.0 , 64 bit Build 16299 (10.0.16299.15)

CPU:total 4 (2 cores per cpu, 2 threads per core) family 6 model 60 stepping 3, cmov, cx8, fxsr, mmx, sse, sse2, sse3, ssse3, sse4.1, sse4.2, popcnt, avx, avx2, aes, clmul, erms, lzcnt, ht, tsc, tscinvbit, bmi1, bmi2

Memory: 4k page, physical 8275004k(885592k free), swap 17450120k(4700k free)

vm_info: Java HotSpot(TM) 64-Bit Server VM (25.73-b02) for windows-amd64 JRE (1.8.0_73-b02), built on Jan 29 2016 17:38:49 by "java_re" with MS VC++ 10.0 (VS2010)

time: Sat Jul 21 00:22:54 2018
elapsed time: 1 seconds (0d 0h 0m 1s)

